生成启动时间为 2015-1-7 23:49:37。
     1>项目“E:\__Codes\OpenGL\OpenGL-06-Reflection\Reflection\Reflection\Reflection.vcxproj”在节点 2 上(build 个目标)。
     1>InitializeBuildStatus:
         正在对“Debug\Reflection.unsuccessfulbuild”执行 Touch 任务。
       ClCompile:
         所有输出均为最新。
       ManifestResourceCompile:
         所有输出均为最新。
       Link:
         d:\Program Files (custom)\Microsoft Visual Studio 10.0\VC\bin\link.exe /ERRORREPORT:PROMPT /OUT:"E:\__Codes\OpenGL\OpenGL-06-Reflection\Reflection\Debug\Reflection.exe" /INCREMENTAL /NOLOGO kernel32.lib user32.lib gdi32.lib winspool.lib comdlg32.lib advapi32.lib shell32.lib ole32.lib oleaut32.lib uuid.lib odbc32.lib odbccp32.lib /MANIFEST /ManifestFile:"Debug\Reflection.exe.intermediate.manifest" /MANIFESTUAC:"level='asInvoker' uiAccess='false'" /DEBUG /PDB:"E:\__Codes\OpenGL\OpenGL-06-Reflection\Reflection\Debug\Reflection.pdb" /SUBSYSTEM:CONSOLE /TLBID:1 /DYNAMICBASE /NXCOMPAT /IMPLIB:"E:\__Codes\OpenGL\OpenGL-06-Reflection\Reflection\Debug\Reflection.lib" /MACHINE:X86 Debug\Reflection.exe.embed.manifest.res
         Debug\gltools.obj
         Debug\ReflectionMain.obj
     1>gltools.obj : error LNK2001: 无法解析的外部符号 _pglShaderSourceARB
     1>gltools.obj : error LNK2001: 无法解析的外部符号 _pglLinkProgramARB
     1>gltools.obj : error LNK2001: 无法解析的外部符号 _pglAttachObjectARB
     1>gltools.obj : error LNK2001: 无法解析的外部符号 _pglCreateProgramObjectARB
     1>gltools.obj : error LNK2001: 无法解析的外部符号 _pglGetObjectParameterivARB
     1>gltools.obj : error LNK2001: 无法解析的外部符号 _pglCompileShaderARB
     1>gltools.obj : error LNK2001: 无法解析的外部符号 _pglDeleteObjectARB
     1>gltools.obj : error LNK2001: 无法解析的外部符号 _pglCreateShaderObjectARB
     1>E:\__Codes\OpenGL\OpenGL-06-Reflection\Reflection\Debug\Reflection.exe : fatal error LNK1120: 8 个无法解析的外部命令
     1>已完成生成项目“E:\__Codes\OpenGL\OpenGL-06-Reflection\Reflection\Reflection\Reflection.vcxproj”(build 个目标)的操作 - 失败。

生成失败。

已用时间 00:00:00.19
