E:\__CODES\OPENGL\OPENGL-06-REFLECTION\REFLECTION\DEBUG\REFLECTION.EXE
E:\__CODES\OPENGL\OPENGL-06-REFLECTION\REFLECTION\DEBUG\REFLECTION.ILK
E:\__CODES\OPENGL\OPENGL-06-REFLECTION\REFLECTION\DEBUG\REFLECTION.PDB
E:\__Codes\OpenGL\OpenGL-06-Reflection\Reflection\Reflection\Debug\cl.command.1.tlog
E:\__Codes\OpenGL\OpenGL-06-Reflection\Reflection\Reflection\Debug\CL.read.1.tlog
E:\__Codes\OpenGL\OpenGL-06-Reflection\Reflection\Reflection\Debug\CL.write.1.tlog
E:\__Codes\OpenGL\OpenGL-06-Reflection\Reflection\Reflection\Debug\link.5060.read.1.tlog
E:\__Codes\OpenGL\OpenGL-06-Reflection\Reflection\Reflection\Debug\link.5060.write.1.tlog
E:\__Codes\OpenGL\OpenGL-06-Reflection\Reflection\Reflection\Debug\link.5060-cvtres.read.1.tlog
E:\__Codes\OpenGL\OpenGL-06-Reflection\Reflection\Reflection\Debug\link.5060-cvtres.write.1.tlog
E:\__Codes\OpenGL\OpenGL-06-Reflection\Reflection\Reflection\Debug\link.8252.read.1.tlog
E:\__Codes\OpenGL\OpenGL-06-Reflection\Reflection\Reflection\Debug\link.8252.write.1.tlog
E:\__Codes\OpenGL\OpenGL-06-Reflection\Reflection\Reflection\Debug\link.8252-cvtres.read.1.tlog
E:\__Codes\OpenGL\OpenGL-06-Reflection\Reflection\Reflection\Debug\link.8252-cvtres.write.1.tlog
E:\__Codes\OpenGL\OpenGL-06-Reflection\Reflection\Reflection\Debug\link.command.1.tlog
E:\__Codes\OpenGL\OpenGL-06-Reflection\Reflection\Reflection\Debug\link.read.1.tlog
E:\__Codes\OpenGL\OpenGL-06-Reflection\Reflection\Reflection\Debug\link.write.1.tlog
E:\__Codes\OpenGL\OpenGL-06-Reflection\Reflection\Reflection\Debug\link-cvtres.read.1.tlog
E:\__Codes\OpenGL\OpenGL-06-Reflection\Reflection\Reflection\Debug\link-cvtres.write.1.tlog
E:\__Codes\OpenGL\OpenGL-06-Reflection\Reflection\Reflection\Debug\mt.command.1.tlog
E:\__Codes\OpenGL\OpenGL-06-Reflection\Reflection\Reflection\Debug\mt.read.1.tlog
E:\__Codes\OpenGL\OpenGL-06-Reflection\Reflection\Reflection\Debug\mt.write.1.tlog
E:\__Codes\OpenGL\OpenGL-06-Reflection\Reflection\Reflection\Debug\rc.command.1.tlog
E:\__Codes\OpenGL\OpenGL-06-Reflection\Reflection\Reflection\Debug\rc.read.1.tlog
E:\__Codes\OpenGL\OpenGL-06-Reflection\Reflection\Reflection\Debug\rc.write.1.tlog
E:\__CODES\OPENGL\OPENGL-06-REFLECTION\REFLECTION\REFLECTION\DEBUG\REFLECTION.EXE.EMBED.MANIFEST
E:\__CODES\OPENGL\OPENGL-06-REFLECTION\REFLECTION\REFLECTION\DEBUG\REFLECTION.EXE.EMBED.MANIFEST.RES
E:\__CODES\OPENGL\OPENGL-06-REFLECTION\REFLECTION\REFLECTION\DEBUG\REFLECTION.EXE.INTERMEDIATE.MANIFEST
E:\__Codes\OpenGL\OpenGL-06-Reflection\Reflection\Reflection\Debug\Reflection.vcxprojResolveAssemblyReference.cache
E:\__Codes\OpenGL\OpenGL-06-Reflection\Reflection\Reflection\Debug\Reflection.write.1.tlog
E:\__Codes\OpenGL\OpenGL-06-Reflection\Reflection\Reflection\Debug\Reflection_manifest.rc
E:\__CODES\OPENGL\OPENGL-06-REFLECTION\REFLECTION\REFLECTION\DEBUG\REFLECTIONMAIN.OBJ
E:\__Codes\OpenGL\OpenGL-06-Reflection\Reflection\Reflection\Debug\vc100.idb
E:\__CODES\OPENGL\OPENGL-06-REFLECTION\REFLECTION\REFLECTION\DEBUG\VC100.PDB
